Terminale, die in Grammatik unbenutzt sind

    IF
    THEN
    ELSE
    FI


Grammatik

    0 $accept: Line $end

    1 $@1: ε

    2 Line: $@1 Command '\n'
    3     | '\n'
    4     | ε

    5 Command: SimpleCommand
    6        | CommandSequence
    7        | CommandOr
    8        | CommandAnd
    9        | CommandPipe

   10 CommandSequence: SimpleCommand ';' SimpleCommand
   11                | SimpleCommand ';' CommandSequence

   12 CommandPipe: SimpleCommand '|' SimpleCommand
   13            | SimpleCommand '|' CommandPipe

   14 CommandAnd: SimpleCommand AND SimpleCommand
   15           | SimpleCommand AND CommandAnd

   16 CommandOr: SimpleCommand OR SimpleCommand
   17          | SimpleCommand OR CommandOr

   18 Redirections: ε
   19             | Redirection Redirections

   20 Redirection: '>' TokenStringSequence
   21            | '<' TokenStringSequence
   22            | APPEND TokenStringSequence

   23 SimpleCommand: TokenStringSequence Redirections
   24              | TokenStringSequence Redirections '&'

   25 TokenStringSequence: StringType
   26                    | TokenStringSequence StringType

   27 StringType: STRING
   28           | UNDEF


Terminale und die Regeln, in denen sie verwendet werden

    $end (0) 0
    '\n' (10) 2 3
    '&' (38) 24
    ';' (59) 10 11
    '<' (60) 21
    '>' (62) 20
    '|' (124) 12 13
    error (256)
    AND (258) 14 15
    OR (259) 16 17
    APPEND (260) 22
    IF (261)
    THEN (262)
    ELSE (263)
    FI (264)
    STRING <str> (265) 27
    UNDEF <str> (266) 28


Nicht-Terminal und die Regeln, in denen sie verwendet werden

    $accept (18)
        auf der linken Seite: 0
    Line (19)
        auf der linken Seite: 2 3 4
        auf der rechten Seite: 0
    $@1 (20)
        auf der linken Seite: 1
        auf der rechten Seite: 2
    Command <cmd> (21)
        auf der linken Seite: 5 6 7 8 9
        auf der rechten Seite: 2
    CommandSequence <cmd> (22)
        auf der linken Seite: 10 11
        auf der rechten Seite: 6 11
    CommandPipe <cmd> (23)
        auf der linken Seite: 12 13
        auf der rechten Seite: 9 13
    CommandAnd <cmd> (24)
        auf der linken Seite: 14 15
        auf der rechten Seite: 8 15
    CommandOr <cmd> (25)
        auf der linken Seite: 16 17
        auf der rechten Seite: 7 17
    Redirections <list> (26)
        auf der linken Seite: 18 19
        auf der rechten Seite: 19 23 24
    Redirection <redirection> (27)
        auf der linken Seite: 20 21 22
        auf der rechten Seite: 19
    SimpleCommand <simple_cmd> (28)
        auf der linken Seite: 23 24
        auf der rechten Seite: 5 10 11 12 13 14 15 16 17
    TokenStringSequence <tokseq> (29)
        auf der linken Seite: 25 26
        auf der rechten Seite: 20 21 22 23 24 26
    StringType <str> (30)
        auf der linken Seite: 27 28
        auf der rechten Seite: 25 26


Zustand 0

    0 $accept: • Line $end

    '\n'  schiebe und gehe zu Zustand 1 über

    $end      reduziere mit Regel 4 (Line)
    $default  reduziere mit Regel 1 ($@1)

    Line  gehe zu Zustand 2 über
    $@1   gehe zu Zustand 3 über


Zustand 1

    3 Line: '\n' •

    $default  reduziere mit Regel 3 (Line)


Zustand 2

    0 $accept: Line • $end

    $end  schiebe und gehe zu Zustand 4 über


Zustand 3

    2 Line: $@1 • Command '\n'

    STRING  schiebe und gehe zu Zustand 5 über
    UNDEF   schiebe und gehe zu Zustand 6 über

    Command              gehe zu Zustand 7 über
    CommandSequence      gehe zu Zustand 8 über
    CommandPipe          gehe zu Zustand 9 über
    CommandAnd           gehe zu Zustand 10 über
    CommandOr            gehe zu Zustand 11 über
    SimpleCommand        gehe zu Zustand 12 über
    TokenStringSequence  gehe zu Zustand 13 über
    StringType           gehe zu Zustand 14 über


Zustand 4

    0 $accept: Line $end •

    $default  annehmen


Zustand 5

   27 StringType: STRING •

    $default  reduziere mit Regel 27 (StringType)


Zustand 6

   28 StringType: UNDEF •

    $default  reduziere mit Regel 28 (StringType)


Zustand 7

    2 Line: $@1 Command • '\n'

    '\n'  schiebe und gehe zu Zustand 15 über


Zustand 8

    6 Command: CommandSequence •

    $default  reduziere mit Regel 6 (Command)


Zustand 9

    9 Command: CommandPipe •

    $default  reduziere mit Regel 9 (Command)


Zustand 10

    8 Command: CommandAnd •

    $default  reduziere mit Regel 8 (Command)


Zustand 11

    7 Command: CommandOr •

    $default  reduziere mit Regel 7 (Command)


Zustand 12

    5 Command: SimpleCommand •
   10 CommandSequence: SimpleCommand • ';' SimpleCommand
   11                | SimpleCommand • ';' CommandSequence
   12 CommandPipe: SimpleCommand • '|' SimpleCommand
   13            | SimpleCommand • '|' CommandPipe
   14 CommandAnd: SimpleCommand • AND SimpleCommand
   15           | SimpleCommand • AND CommandAnd
   16 CommandOr: SimpleCommand • OR SimpleCommand
   17          | SimpleCommand • OR CommandOr

    AND  schiebe und gehe zu Zustand 16 über
    OR   schiebe und gehe zu Zustand 17 über
    ';'  schiebe und gehe zu Zustand 18 über
    '|'  schiebe und gehe zu Zustand 19 über

    $default  reduziere mit Regel 5 (Command)


Zustand 13

   23 SimpleCommand: TokenStringSequence • Redirections
   24              | TokenStringSequence • Redirections '&'
   26 TokenStringSequence: TokenStringSequence • StringType

    APPEND  schiebe und gehe zu Zustand 20 über
    STRING  schiebe und gehe zu Zustand 5 über
    UNDEF   schiebe und gehe zu Zustand 6 über
    '>'     schiebe und gehe zu Zustand 21 über
    '<'     schiebe und gehe zu Zustand 22 über

    $default  reduziere mit Regel 18 (Redirections)

    Redirections  gehe zu Zustand 23 über
    Redirection   gehe zu Zustand 24 über
    StringType    gehe zu Zustand 25 über


Zustand 14

   25 TokenStringSequence: StringType •

    $default  reduziere mit Regel 25 (TokenStringSequence)


Zustand 15

    2 Line: $@1 Command '\n' •

    $default  reduziere mit Regel 2 (Line)


Zustand 16

   14 CommandAnd: SimpleCommand AND • SimpleCommand
   15           | SimpleCommand AND • CommandAnd

    STRING  schiebe und gehe zu Zustand 5 über
    UNDEF   schiebe und gehe zu Zustand 6 über

    CommandAnd           gehe zu Zustand 26 über
    SimpleCommand        gehe zu Zustand 27 über
    TokenStringSequence  gehe zu Zustand 13 über
    StringType           gehe zu Zustand 14 über


Zustand 17

   16 CommandOr: SimpleCommand OR • SimpleCommand
   17          | SimpleCommand OR • CommandOr

    STRING  schiebe und gehe zu Zustand 5 über
    UNDEF   schiebe und gehe zu Zustand 6 über

    CommandOr            gehe zu Zustand 28 über
    SimpleCommand        gehe zu Zustand 29 über
    TokenStringSequence  gehe zu Zustand 13 über
    StringType           gehe zu Zustand 14 über


Zustand 18

   10 CommandSequence: SimpleCommand ';' • SimpleCommand
   11                | SimpleCommand ';' • CommandSequence

    STRING  schiebe und gehe zu Zustand 5 über
    UNDEF   schiebe und gehe zu Zustand 6 über

    CommandSequence      gehe zu Zustand 30 über
    SimpleCommand        gehe zu Zustand 31 über
    TokenStringSequence  gehe zu Zustand 13 über
    StringType           gehe zu Zustand 14 über


Zustand 19

   12 CommandPipe: SimpleCommand '|' • SimpleCommand
   13            | SimpleCommand '|' • CommandPipe

    STRING  schiebe und gehe zu Zustand 5 über
    UNDEF   schiebe und gehe zu Zustand 6 über

    CommandPipe          gehe zu Zustand 32 über
    SimpleCommand        gehe zu Zustand 33 über
    TokenStringSequence  gehe zu Zustand 13 über
    StringType           gehe zu Zustand 14 über


Zustand 20

   22 Redirection: APPEND • TokenStringSequence

    STRING  schiebe und gehe zu Zustand 5 über
    UNDEF   schiebe und gehe zu Zustand 6 über

    TokenStringSequence  gehe zu Zustand 34 über
    StringType           gehe zu Zustand 14 über


Zustand 21

   20 Redirection: '>' • TokenStringSequence

    STRING  schiebe und gehe zu Zustand 5 über
    UNDEF   schiebe und gehe zu Zustand 6 über

    TokenStringSequence  gehe zu Zustand 35 über
    StringType           gehe zu Zustand 14 über


Zustand 22

   21 Redirection: '<' • TokenStringSequence

    STRING  schiebe und gehe zu Zustand 5 über
    UNDEF   schiebe und gehe zu Zustand 6 über

    TokenStringSequence  gehe zu Zustand 36 über
    StringType           gehe zu Zustand 14 über


Zustand 23

   23 SimpleCommand: TokenStringSequence Redirections •
   24              | TokenStringSequence Redirections • '&'

    '&'  schiebe und gehe zu Zustand 37 über

    $default  reduziere mit Regel 23 (SimpleCommand)


Zustand 24

   19 Redirections: Redirection • Redirections

    APPEND  schiebe und gehe zu Zustand 20 über
    '>'     schiebe und gehe zu Zustand 21 über
    '<'     schiebe und gehe zu Zustand 22 über

    $default  reduziere mit Regel 18 (Redirections)

    Redirections  gehe zu Zustand 38 über
    Redirection   gehe zu Zustand 24 über


Zustand 25

   26 TokenStringSequence: TokenStringSequence StringType •

    $default  reduziere mit Regel 26 (TokenStringSequence)


Zustand 26

   15 CommandAnd: SimpleCommand AND CommandAnd •

    $default  reduziere mit Regel 15 (CommandAnd)


Zustand 27

   14 CommandAnd: SimpleCommand • AND SimpleCommand
   14           | SimpleCommand AND SimpleCommand •
   15           | SimpleCommand • AND CommandAnd

    AND  schiebe und gehe zu Zustand 16 über

    $default  reduziere mit Regel 14 (CommandAnd)


Zustand 28

   17 CommandOr: SimpleCommand OR CommandOr •

    $default  reduziere mit Regel 17 (CommandOr)


Zustand 29

   16 CommandOr: SimpleCommand • OR SimpleCommand
   16          | SimpleCommand OR SimpleCommand •
   17          | SimpleCommand • OR CommandOr

    OR  schiebe und gehe zu Zustand 17 über

    $default  reduziere mit Regel 16 (CommandOr)


Zustand 30

   11 CommandSequence: SimpleCommand ';' CommandSequence •

    $default  reduziere mit Regel 11 (CommandSequence)


Zustand 31

   10 CommandSequence: SimpleCommand • ';' SimpleCommand
   10                | SimpleCommand ';' SimpleCommand •
   11                | SimpleCommand • ';' CommandSequence

    ';'  schiebe und gehe zu Zustand 18 über

    $default  reduziere mit Regel 10 (CommandSequence)


Zustand 32

   13 CommandPipe: SimpleCommand '|' CommandPipe •

    $default  reduziere mit Regel 13 (CommandPipe)


Zustand 33

   12 CommandPipe: SimpleCommand • '|' SimpleCommand
   12            | SimpleCommand '|' SimpleCommand •
   13            | SimpleCommand • '|' CommandPipe

    '|'  schiebe und gehe zu Zustand 19 über

    $default  reduziere mit Regel 12 (CommandPipe)


Zustand 34

   22 Redirection: APPEND TokenStringSequence •
   26 TokenStringSequence: TokenStringSequence • StringType

    STRING  schiebe und gehe zu Zustand 5 über
    UNDEF   schiebe und gehe zu Zustand 6 über

    $default  reduziere mit Regel 22 (Redirection)

    StringType  gehe zu Zustand 25 über


Zustand 35

   20 Redirection: '>' TokenStringSequence •
   26 TokenStringSequence: TokenStringSequence • StringType

    STRING  schiebe und gehe zu Zustand 5 über
    UNDEF   schiebe und gehe zu Zustand 6 über

    $default  reduziere mit Regel 20 (Redirection)

    StringType  gehe zu Zustand 25 über


Zustand 36

   21 Redirection: '<' TokenStringSequence •
   26 TokenStringSequence: TokenStringSequence • StringType

    STRING  schiebe und gehe zu Zustand 5 über
    UNDEF   schiebe und gehe zu Zustand 6 über

    $default  reduziere mit Regel 21 (Redirection)

    StringType  gehe zu Zustand 25 über


Zustand 37

   24 SimpleCommand: TokenStringSequence Redirections '&' •

    $default  reduziere mit Regel 24 (SimpleCommand)


Zustand 38

   19 Redirections: Redirection Redirections •

    $default  reduziere mit Regel 19 (Redirections)
